<?xml version="1.0" encoding="UTF-8"?>
<!-- Generated by org.testng.reporters.JUnitReportReporter -->
<testsuite skipped="0" hostname="DESKTOP-20QI2OV" name="com.demoworkshop.qa.Test.DemoWorkShop_End_To_End" tests="1" failures="0" timestamp="2020-06-12T17:42:26 IST" time="17.229" errors="0">
  <testcase name="TC006_DemoWorkShop_Gift_Cards_Page" time="17.229" classname="com.demoworkshop.qa.Test.DemoWorkShop_End_To_End"/>
  <system-out>
Clicking on Gift Cards Link Page Verifying the Physical Gift Card page is displayed  Gift Card page is displayed with expected :Gift Cards is matched with Actual value : Gift Cards Selecting product position by it index value   Selecting display size of product Selecting view of products  Selecting $100 Physical Gift Card  Entering Recipients Name through send keys Entering sender Name through send keys Entering message through send keys Adding Quantity of $100 Physical Gift Card  Navigating back to Book page  Selecting $25 Virtual Gift Card  Entering Recipients Name through send keys Entering Recipients Email ID through send keys Entering sender Name through send keys Entering Recipients Email ID through send keys Entering message through send keys Adding Quantity of $25 Virtual Gift Card  Navigating back to Book page  Selecting $5 Virtual Gift Card  Entering Recipients Name through send keys Entering Recipients Email ID through send keys Entering sender Name through send keys Entering Recipients Email ID through send keys Entering message through send keys Adding Quantity of  $5 Virtual Gift Card  Navigating back to Book page  Selecting $50 Physical Gift Card  Entering Recipients Name through send keys Entering sender Name through send keys Entering message through send keys Adding Quantity of  $50 Physical Gift Card   </system-out>
</testsuite> <!-- com.demoworkshop.qa.Test.DemoWorkShop_End_To_End -->
